<?xml version="1.0" encoding="UTF-8"?>
<!-- Generated by org.testng.reporters.JUnitReportReporter -->
<testsuite hostname="Sasikumar" failures="0" tests="4" name="org.sasiguides.tesng.implementations.PerformDifferentOperations" time="9.614" errors="0" timestamp="2023-10-18T03:11:33 IST" skipped="0">
  <testcase classname="org.sasiguides.tesng.implementations.PerformDifferentOperations" name="performCreateOrderOperation" time="1.243"/>
  <testcase classname="org.sasiguides.tesng.implementations.PerformDifferentOperations" name="performDeleteProduct" time="0.900"/>
  <testcase classname="org.sasiguides.tesng.implementations.PerformDifferentOperations" name="performAddProduct" time="7.203"/>
  <testcase classname="org.sasiguides.tesng.implementations.PerformDifferentOperations" name="performLoginOperation" time="0.268"/>
</testsuite> <!-- org.sasiguides.tesng.implementations.PerformDifferentOperations -->
