<?xml version="1.0" encoding="UTF-8"?>
<!-- Generated by org.testng.reporters.JUnitReportReporter -->
<testsuite hostname="Sasikumar" failures="0" tests="4" name="org.sasiguides.tesng.implementations.PerformDifferentOperations" time="12.721" errors="0" timestamp="2023-10-18T03:18:16 IST" skipped="0">
  <testcase classname="org.sasiguides.tesng.implementations.PerformDifferentOperations" name="performLoginOperation" time="0.246"/>
  <testcase classname="org.sasiguides.tesng.implementations.PerformDifferentOperations" name="performDeleteProduct" time="1.293"/>
  <testcase classname="org.sasiguides.tesng.implementations.PerformDifferentOperations" name="performAddProduct" time="9.492"/>
  <testcase classname="org.sasiguides.tesng.implementations.PerformDifferentOperations" name="performCreateOrderOperation" time="1.690"/>
</testsuite> <!-- org.sasiguides.tesng.implementations.PerformDifferentOperations -->
