<?xml version="1.0" encoding="UTF-8"?>
<!-- Generated by org.testng.reporters.JUnitReportReporter -->
<testsuite hostname="Sasikumar" failures="0" tests="4" name="org.sasiguides.tesng.implementations.PerformDifferentOperations" time="10.801" errors="0" timestamp="2023-10-18T03:15:17 IST" skipped="0">
  <testcase classname="org.sasiguides.tesng.implementations.PerformDifferentOperations" name="performLoginOperation" time="0.263"/>
  <testcase classname="org.sasiguides.tesng.implementations.PerformDifferentOperations" name="performDeleteProduct" time="0.975"/>
  <testcase classname="org.sasiguides.tesng.implementations.PerformDifferentOperations" name="performAddProduct" time="8.197"/>
  <testcase classname="org.sasiguides.tesng.implementations.PerformDifferentOperations" name="performCreateOrderOperation" time="1.366"/>
</testsuite> <!-- org.sasiguides.tesng.implementations.PerformDifferentOperations -->
