<?xml version="1.0" encoding="UTF-8"?>
<!-- Generated by org.testng.reporters.JUnitReportReporter -->
<testsuite hostname="Sasikumar" failures="0" tests="4" name="org.sasiguides.tesng.implementations.PerformDifferentOperations" time="13.570" errors="0" timestamp="2023-10-18T03:26:18 IST" skipped="0">
  <testcase classname="org.sasiguides.tesng.implementations.PerformDifferentOperations" name="performLoginOperation" time="0.346"/>
  <testcase classname="org.sasiguides.tesng.implementations.PerformDifferentOperations" name="performDeleteProduct" time="2.048"/>
  <testcase classname="org.sasiguides.tesng.implementations.PerformDifferentOperations" name="performAddProduct" time="9.862"/>
  <testcase classname="org.sasiguides.tesng.implementations.PerformDifferentOperations" name="performCreateOrderOperation" time="1.314"/>
</testsuite> <!-- org.sasiguides.tesng.implementations.PerformDifferentOperations -->
